# JRE version: OpenJDK Runtime Environment (8.0_151-b12) (build 1.8.0_151-b12)
# Java VM: OpenJDK 64-Bit Server VM (25.151-b12 mixed mode linux-amd64 compressed oops)
Heap:
 def new generation   total 27904K, used 0K [0x00000000f0800000, 0x00000000f2640000, 0x00000000f5aa0000)
  eden space 24832K,   0% used [0x00000000f0800000, 0x00000000f0800000, 0x00000000f2040000)
  from space 3072K,   0% used [0x00000000f2040000, 0x00000000f2040000, 0x00000000f2340000)
  to   space 3072K,   0% used [0x00000000f2340000, 0x00000000f2340000, 0x00000000f2640000)
 tenured generation   total 81444K, used 76454K [0x00000000f5aa0000, 0x00000000faa29000, 0x0000000100000000)
   the space 81444K,  93% used [0x00000000f5aa0000, 0x00000000fa5499f8, 0x00000000fa549a00, 0x00000000faa29000)
 Metaspace       used 27468K, capacity 28144K, committed 28416K, reserved 1075200K
  class space    used 3096K, capacity 3277K, committed 3328K, reserved 1048576K
GC Heap History (10 events):
Event: 12.538 GC heap after
Heap after GC invocations=50 (full 3):
 def new generation   total 15936K, used 717K [0x00000000f0800000, 0x00000000f1940000, 0x00000000f5aa0000)
  eden space 14208K,   0% used [0x00000000f0800000, 0x00000000f0800000, 0x00000000f15e0000)
  from space 1728K,  41% used [0x00000000f15e0000, 0x00000000f1693410, 0x00000000f1790000)
  to   space 1728K,   0% used [0x00000000f1790000, 0x00000000f1790000, 0x00000000f1940000)
 tenured generation   total 35240K, used 28585K [0x00000000f5aa0000, 0x00000000f7d0a000, 0x0000000100000000)
   the space 35240K,  81% used [0x00000000f5aa0000, 0x00000000f768a598, 0x00000000f768a600, 0x00000000f7d0a000)
 Metaspace       used 24074K, capacity 24660K, committed 24832K, reserved 1071104K
  class space    used 2643K, capacity 2777K, committed 2816K, reserved 1048576K
}
Event: 12.932 GC heap before
{Heap before GC invocations=50 (full 3):
 def new generation   total 15936K, used 14925K [0x00000000f0800000, 0x00000000f1940000, 0x00000000f5aa0000)
  eden space 14208K, 100% used [0x00000000f0800000, 0x00000000f15e0000, 0x00000000f15e0000)
  from space 1728K,  41% used [0x00000000f15e0000, 0x00000000f1693410, 0x00000000f1790000)
  to   space 1728K,   0% used [0x00000000f1790000, 0x00000000f1790000, 0x00000000f1940000)
 tenured generation   total 35240K, used 28585K [0x00000000f5aa0000, 0x00000000f7d0a000, 0x0000000100000000)
   the space 35240K,  81% used [0x00000000f5aa0000, 0x00000000f768a598, 0x00000000f768a600, 0x00000000f7d0a000)
 Metaspace       used 24604K, capacity 25192K, committed 25472K, reserved 1071104K
  class space    used 2712K, capacity 2853K, committed 2944K, reserved 1048576K
Event: 12.938 GC heap after
Heap after GC invocations=51 (full 3):
 def new generation   total 15936K, used 1727K [0x00000000f0800000, 0x00000000f1940000, 0x00000000f5aa0000)
  eden space 14208K,   0% used [0x00000000f0800000, 0x00000000f0800000, 0x00000000f15e0000)
  from space 1728K,  99% used [0x00000000f1790000, 0x00000000f193fff8, 0x00000000f1940000)
  to   space 1728K,   0% used [0x00000000f15e0000, 0x00000000f15e0000, 0x00000000f1790000)
 tenured generation   total 35240K, used 29037K [0x00000000f5aa0000, 0x00000000f7d0a000, 0x0000000100000000)
   the space 35240K,  82% used [0x00000000f5aa0000, 0x00000000f76fb688, 0x00000000f76fb800, 0x00000000f7d0a000)
 Metaspace       used 24604K, capacity 25192K, committed 25472K, reserved 1071104K
  class space    used 2712K, capacity 2853K, committed 2944K, reserved 1048576K
}
Event: 13.894 GC heap before
{Heap before GC invocations=51 (full 3):
 def new generation   total 15936K, used 15935K [0x00000000f0800000, 0x00000000f1940000, 0x00000000f5aa0000)
  eden space 14208K, 100% used [0x00000000f0800000, 0x00000000f15e0000, 0x00000000f15e0000)
  from space 1728K,  99% used [0x00000000f1790000, 0x00000000f193fff8, 0x00000000f1940000)
  to   space 1728K,   0% used [0x00000000f15e0000, 0x00000000f15e0000, 0x00000000f1790000)
 tenured generation   total 35240K, used 29037K [0x00000000f5aa0000, 0x00000000f7d0a000, 0x0000000100000000)
   the space 35240K,  82% used [0x00000000f5aa0000, 0x00000000f76fb688, 0x00000000f76fb800, 0x00000000f7d0a000)
 Metaspace       used 26597K, capacity 27184K, committed 27520K, reserved 1073152K
  class space    used 2999K, capacity 3149K, committed 3200K, reserved 1048576K
Event: 13.909 GC heap after
Heap after GC invocations=52 (full 3):
 def new generation   total 15936K, used 1727K [0x00000000f0800000, 0x00000000f1940000, 0x00000000f5aa0000)
  eden space 14208K,   0% used [0x00000000f0800000, 0x00000000f0800000, 0x00000000f15e0000)
  from space 1728K,  99% used [0x00000000f15e0000, 0x00000000f178fff8, 0x00000000f1790000)
  to   space 1728K,   0% used [0x00000000f1790000, 0x00000000f1790000, 0x00000000f1940000)
 tenured generation   total 35240K, used 30786K [0x00000000f5aa0000, 0x00000000f7d0a000, 0x0000000100000000)
   the space 35240K,  87% used [0x00000000f5aa0000, 0x00000000f78b09d8, 0x00000000f78b0a00, 0x00000000f7d0a000)
 Metaspace       used 26597K, capacity 27184K, committed 27520K, reserved 1073152K
  class space    used 2999K, capacity 3149K, committed 3200K, reserved 1048576K
}
Event: 14.302 GC heap before
{Heap before GC invocations=52 (full 3):
 def new generation   total 15936K, used 15245K [0x00000000f0800000, 0x00000000f1940000, 0x00000000f5aa0000)
  eden space 14208K,  95% used [0x00000000f0800000, 0x00000000f1533520, 0x00000000f15e0000)
  from space 1728K,  99% used [0x00000000f15e0000, 0x00000000f178fff8, 0x00000000f1790000)
  to   space 1728K,   0% used [0x00000000f1790000, 0x00000000f1790000, 0x00000000f1940000)
 tenured generation   total 35240K, used 30786K [0x00000000f5aa0000, 0x00000000f7d0a000, 0x0000000100000000)
   the space 35240K,  87% used [0x00000000f5aa0000, 0x00000000f78b09d8, 0x00000000f78b0a00, 0x00000000f7d0a000)
 Metaspace       used 27234K, capacity 27888K, committed 28160K, reserved 1075200K
  class space    used 3069K, capacity 3213K, committed 3328K, reserved 1048576K
Event: 14.691 GC heap after
Heap after GC invocations=53 (full 4):
 def new generation   total 27904K, used 0K [0x00000000f0800000, 0x00000000f2640000, 0x00000000f5aa0000)
  eden space 24832K,   0% used [0x00000000f0800000, 0x00000000f0800000, 0x00000000f2040000)
  from space 3072K,   0% used [0x00000000f2040000, 0x00000000f2040000, 0x00000000f2340000)
  to   space 3072K,   0% used [0x00000000f2340000, 0x00000000f2340000, 0x00000000f2640000)
 tenured generation   total 61908K, used 37143K [0x00000000f5aa0000, 0x00000000f9715000, 0x0000000100000000)
   the space 61908K,  59% used [0x00000000f5aa0000, 0x00000000f7ee5e20, 0x00000000f7ee6000, 0x00000000f9715000)
 Metaspace       used 27234K, capacity 27888K, committed 28160K, reserved 1075200K
  class space    used 3069K, capacity 3213K, committed 3328K, reserved 1048576K
}
Event: 14.697 GC heap before
{Heap before GC invocations=53 (full 4):
 def new generation   total 27904K, used 20023K [0x00000000f0800000, 0x00000000f2640000, 0x00000000f5aa0000)
  eden space 24832K,  80% used [0x00000000f0800000, 0x00000000f1b8ddc0, 0x00000000f2040000)
  from space 3072K,   0% used [0x00000000f2040000, 0x00000000f2040000, 0x00000000f2340000)
  to   space 3072K,   0% used [0x00000000f2340000, 0x00000000f2340000, 0x00000000f2640000)
 tenured generation   total 61908K, used 37143K [0x00000000f5aa0000, 0x00000000f9715000, 0x0000000100000000)
   the space 61908K,  59% used [0x00000000f5aa0000, 0x00000000f7ee5e20, 0x00000000f7ee6000, 0x00000000f9715000)
 Metaspace       used 27234K, capacity 27888K, committed 28160K, reserved 1075200K
  class space    used 3069K, capacity 3213K, committed 3328K, reserved 1048576K
Event: 14.732 GC heap after
Heap after GC invocations=54 (full 4):
 def new generation   total 27904K, used 16K [0x00000000f0800000, 0x00000000f2640000, 0x00000000f5aa0000)
  eden space 24832K,   0% used [0x00000000f0800000, 0x00000000f0800000, 0x00000000f2040000)
  from space 3072K,   0% used [0x00000000f2340000, 0x00000000f23443f0, 0x00000000f2640000)
  to   space 3072K,   0% used [0x00000000f2040000, 0x00000000f2040000, 0x00000000f2340000)
 tenured generation   total 61908K, used 56674K [0x00000000f5aa0000, 0x00000000f9715000, 0x0000000100000000)
   the space 61908K,  91% used [0x00000000f5aa0000, 0x00000000f91f8b40, 0x00000000f91f8c00, 0x00000000f9715000)
 Metaspace       used 27234K, capacity 27888K, committed 28160K, reserved 1075200K
  class space    used 3069K, capacity 3213K, committed 3328K, reserved 1048576K
}
Event: 16.237 GC heap before
{Heap before GC invocations=54 (full 4):
 def new generation   total 27904K, used 21764K [0x00000000f0800000, 0x00000000f2640000, 0x00000000f5aa0000)
  eden space 24832K,  87% used [0x00000000f0800000, 0x00000000f1d3cc78, 0x00000000f2040000)
  from space 3072K,   0% used [0x00000000f2340000, 0x00000000f23443f0, 0x00000000f2640000)
  to   space 3072K,   0% used [0x00000000f2040000, 0x00000000f2040000, 0x00000000f2340000)
 tenured generation   total 61908K, used 56674K [0x00000000f5aa0000, 0x00000000f9715000, 0x0000000100000000)
   the space 61908K,  91% used [0x00000000f5aa0000, 0x00000000f91f8b40, 0x00000000f91f8c00, 0x00000000f9715000)
 Metaspace       used 27468K, capacity 28144K, committed 28416K, reserved 1075200K
  class space    used 3096K, capacity 3277K, committed 3328K, reserved 1048576K

