# JRE version: OpenJDK Runtime Environment (8.0_151-b12) (build 1.8.0_151-b12)
# Java VM: OpenJDK 64-Bit Server VM (25.151-b12 mixed mode linux-amd64 compressed oops)
Heap:
 def new generation   total 27008K, used 0K [0x00000000f0800000, 0x00000000f2540000, 0x00000000f5aa0000)
  eden space 24064K,   0% used [0x00000000f0800000, 0x00000000f0800000, 0x00000000f1f80000)
  from space 2944K,   0% used [0x00000000f1f80000, 0x00000000f1f80000, 0x00000000f2260000)
  to   space 2944K,   0% used [0x00000000f2260000, 0x00000000f2260000, 0x00000000f2540000)
 tenured generation   total 79352K, used 75202K [0x00000000f5aa0000, 0x00000000fa81e000, 0x0000000100000000)
   the space 79352K,  94% used [0x00000000f5aa0000, 0x00000000fa4108f0, 0x00000000fa410a00, 0x00000000fa81e000)
 Metaspace       used 27491K, capacity 28020K, committed 28160K, reserved 1075200K
  class space    used 3095K, capacity 3277K, committed 3328K, reserved 1048576K
GC Heap History (10 events):
Event: 7.245 GC heap after
Heap after GC invocations=50 (full 3):
 def new generation   total 15040K, used 1664K [0x00000000f0800000, 0x00000000f1850000, 0x00000000f5aa0000)
  eden space 13376K,   0% used [0x00000000f0800000, 0x00000000f0800000, 0x00000000f1510000)
  from space 1664K, 100% used [0x00000000f16b0000, 0x00000000f1850000, 0x00000000f1850000)
  to   space 1664K,   0% used [0x00000000f1510000, 0x00000000f1510000, 0x00000000f16b0000)
 tenured generation   total 33388K, used 27513K [0x00000000f5aa0000, 0x00000000f7b3b000, 0x0000000100000000)
   the space 33388K,  82% used [0x00000000f5aa0000, 0x00000000f757e410, 0x00000000f757e600, 0x00000000f7b3b000)
 Metaspace       used 24142K, capacity 24644K, committed 24960K, reserved 1071104K
  class space    used 2651K, capacity 2817K, committed 2944K, reserved 1048576K
}
Event: 7.630 GC heap before
{Heap before GC invocations=50 (full 3):
 def new generation   total 15040K, used 15040K [0x00000000f0800000, 0x00000000f1850000, 0x00000000f5aa0000)
  eden space 13376K, 100% used [0x00000000f0800000, 0x00000000f1510000, 0x00000000f1510000)
  from space 1664K, 100% used [0x00000000f16b0000, 0x00000000f1850000, 0x00000000f1850000)
  to   space 1664K,   0% used [0x00000000f1510000, 0x00000000f1510000, 0x00000000f16b0000)
 tenured generation   total 33388K, used 27513K [0x00000000f5aa0000, 0x00000000f7b3b000, 0x0000000100000000)
   the space 33388K,  82% used [0x00000000f5aa0000, 0x00000000f757e410, 0x00000000f757e600, 0x00000000f7b3b000)
 Metaspace       used 25834K, capacity 26364K, committed 26624K, reserved 1073152K
  class space    used 2900K, capacity 3049K, committed 3072K, reserved 1048576K
Event: 7.641 GC heap after
Heap after GC invocations=51 (full 3):
 def new generation   total 15040K, used 1664K [0x00000000f0800000, 0x00000000f1850000, 0x00000000f5aa0000)
  eden space 13376K,   0% used [0x00000000f0800000, 0x00000000f0800000, 0x00000000f1510000)
  from space 1664K, 100% used [0x00000000f1510000, 0x00000000f16b0000, 0x00000000f16b0000)
  to   space 1664K,   0% used [0x00000000f16b0000, 0x00000000f16b0000, 0x00000000f1850000)
 tenured generation   total 33388K, used 29061K [0x00000000f5aa0000, 0x00000000f7b3b000, 0x0000000100000000)
   the space 33388K,  87% used [0x00000000f5aa0000, 0x00000000f7701758, 0x00000000f7701800, 0x00000000f7b3b000)
 Metaspace       used 25834K, capacity 26364K, committed 26624K, reserved 1073152K
  class space    used 2900K, capacity 3049K, committed 3072K, reserved 1048576K
}
Event: 8.342 GC heap before
{Heap before GC invocations=51 (full 3):
 def new generation   total 15040K, used 12104K [0x00000000f0800000, 0x00000000f1850000, 0x00000000f5aa0000)
  eden space 13376K,  78% used [0x00000000f0800000, 0x00000000f1232340, 0x00000000f1510000)
  from space 1664K, 100% used [0x00000000f1510000, 0x00000000f16b0000, 0x00000000f16b0000)
  to   space 1664K,   0% used [0x00000000f16b0000, 0x00000000f16b0000, 0x00000000f1850000)
 tenured generation   total 33388K, used 29061K [0x00000000f5aa0000, 0x00000000f7b3b000, 0x0000000100000000)
   the space 33388K,  87% used [0x00000000f5aa0000, 0x00000000f7701758, 0x00000000f7701800, 0x00000000f7b3b000)
 Metaspace       used 27246K, capacity 27764K, committed 28160K, reserved 1075200K
  class space    used 3066K, capacity 3213K, committed 3328K, reserved 1048576K
Event: 8.351 GC heap after
Heap after GC invocations=52 (full 3):
 def new generation   total 15040K, used 1663K [0x00000000f0800000, 0x00000000f1850000, 0x00000000f5aa0000)
  eden space 13376K,   0% used [0x00000000f0800000, 0x00000000f0800000, 0x00000000f1510000)
  from space 1664K,  99% used [0x00000000f16b0000, 0x00000000f184fff8, 0x00000000f1850000)
  to   space 1664K,   0% used [0x00000000f1510000, 0x00000000f1510000, 0x00000000f16b0000)
 tenured generation   total 33388K, used 29863K [0x00000000f5aa0000, 0x00000000f7b3b000, 0x0000000100000000)
   the space 33388K,  89% used [0x00000000f5aa0000, 0x00000000f77c9fa0, 0x00000000f77ca000, 0x00000000f7b3b000)
 Metaspace       used 27246K, capacity 27764K, committed 28160K, reserved 1075200K
  class space    used 3066K, capacity 3213K, committed 3328K, reserved 1048576K
}
Event: 8.354 GC heap before
{Heap before GC invocations=52 (full 3):
 def new generation   total 15040K, used 11693K [0x00000000f0800000, 0x00000000f1850000, 0x00000000f5aa0000)
  eden space 13376K,  74% used [0x00000000f0800000, 0x00000000f11cb790, 0x00000000f1510000)
  from space 1664K,  99% used [0x00000000f16b0000, 0x00000000f184fff8, 0x00000000f1850000)
  to   space 1664K,   0% used [0x00000000f1510000, 0x00000000f1510000, 0x00000000f16b0000)
 tenured generation   total 33388K, used 29863K [0x00000000f5aa0000, 0x00000000f7b3b000, 0x0000000100000000)
   the space 33388K,  89% used [0x00000000f5aa0000, 0x00000000f77c9fa0, 0x00000000f77ca000, 0x00000000f7b3b000)
 Metaspace       used 27253K, capacity 27764K, committed 28160K, reserved 1075200K
  class space    used 3068K, capacity 3213K, committed 3328K, reserved 1048576K
Event: 8.576 GC heap after
Heap after GC invocations=53 (full 4):
 def new generation   total 27008K, used 0K [0x00000000f0800000, 0x00000000f2540000, 0x00000000f5aa0000)
  eden space 24064K,   0% used [0x00000000f0800000, 0x00000000f0800000, 0x00000000f1f80000)
  from space 2944K,   0% used [0x00000000f1f80000, 0x00000000f1f80000, 0x00000000f2260000)
  to   space 2944K,   0% used [0x00000000f2260000, 0x00000000f2260000, 0x00000000f2540000)
 tenured generation   total 59816K, used 35888K [0x00000000f5aa0000, 0x00000000f950a000, 0x0000000100000000)
   the space 59816K,  59% used [0x00000000f5aa0000, 0x00000000f7dac370, 0x00000000f7dac400, 0x00000000f950a000)
 Metaspace       used 27253K, capacity 27764K, committed 28160K, reserved 1075200K
  class space    used 3068K, capacity 3213K, committed 3328K, reserved 1048576K
}
Event: 8.592 GC heap before
{Heap before GC invocations=53 (full 4):
 def new generation   total 27008K, used 20005K [0x00000000f0800000, 0x00000000f2540000, 0x00000000f5aa0000)
  eden space 24064K,  83% used [0x00000000f0800000, 0x00000000f1b895f0, 0x00000000f1f80000)
  from space 2944K,   0% used [0x00000000f1f80000, 0x00000000f1f80000, 0x00000000f2260000)
  to   space 2944K,   0% used [0x00000000f2260000, 0x00000000f2260000, 0x00000000f2540000)
 tenured generation   total 59816K, used 35888K [0x00000000f5aa0000, 0x00000000f950a000, 0x0000000100000000)
   the space 59816K,  59% used [0x00000000f5aa0000, 0x00000000f7dac370, 0x00000000f7dac400, 0x00000000f950a000)
 Metaspace       used 27253K, capacity 27764K, committed 28160K, reserved 1075200K
  class space    used 3068K, capacity 3213K, committed 3328K, reserved 1048576K
Event: 8.612 GC heap after
Heap after GC invocations=54 (full 4):
 def new generation   total 27008K, used 16K [0x00000000f0800000, 0x00000000f2540000, 0x00000000f5aa0000)
  eden space 24064K,   0% used [0x00000000f0800000, 0x00000000f0800000, 0x00000000f1f80000)
  from space 2944K,   0% used [0x00000000f2260000, 0x00000000f22643f0, 0x00000000f2540000)
  to   space 2944K,   0% used [0x00000000f1f80000, 0x00000000f1f80000, 0x00000000f2260000)
 tenured generation   total 59816K, used 55420K [0x00000000f5aa0000, 0x00000000f950a000, 0x0000000100000000)
   the space 59816K,  92% used [0x00000000f5aa0000, 0x00000000f90bf090, 0x00000000f90bf200, 0x00000000f950a000)
 Metaspace       used 27253K, capacity 27764K, committed 28160K, reserved 1075200K
  class space    used 3068K, capacity 3213K, committed 3328K, reserved 1048576K
}
Event: 9.106 GC heap before
{Heap before GC invocations=54 (full 4):
 def new generation   total 27008K, used 21925K [0x00000000f0800000, 0x00000000f2540000, 0x00000000f5aa0000)
  eden space 24064K,  91% used [0x00000000f0800000, 0x00000000f1d650f8, 0x00000000f1f80000)
  from space 2944K,   0% used [0x00000000f2260000, 0x00000000f22643f0, 0x00000000f2540000)
  to   space 2944K,   0% used [0x00000000f1f80000, 0x00000000f1f80000, 0x00000000f2260000)
 tenured generation   total 59816K, used 55420K [0x00000000f5aa0000, 0x00000000f950a000, 0x0000000100000000)
   the space 59816K,  92% used [0x00000000f5aa0000, 0x00000000f90bf090, 0x00000000f90bf200, 0x00000000f950a000)
 Metaspace       used 27491K, capacity 28020K, committed 28160K, reserved 1075200K
  class space    used 3095K, capacity 3277K, committed 3328K, reserved 1048576K

