# JRE version: OpenJDK Runtime Environment (8.0_151-b12) (build 1.8.0_151-b12)
# Java VM: OpenJDK 64-Bit Server VM (25.151-b12 mixed mode linux-amd64 compressed oops)
Heap:
 def new generation   total 26880K, used 0K [0x00000000f0800000, 0x00000000f2520000, 0x00000000f5aa0000)
  eden space 23936K,   0% used [0x00000000f0800000, 0x00000000f0800000, 0x00000000f1f60000)
  from space 2944K,   0% used [0x00000000f1f60000, 0x00000000f1f60000, 0x00000000f2240000)
  to   space 2944K,   0% used [0x00000000f2240000, 0x00000000f2240000, 0x00000000f2520000)
 tenured generation   total 79160K, used 75084K [0x00000000f5aa0000, 0x00000000fa7ee000, 0x0000000100000000)
   the space 79160K,  94% used [0x00000000f5aa0000, 0x00000000fa3f3028, 0x00000000fa3f3200, 0x00000000fa7ee000)
 Metaspace       used 27529K, capacity 28084K, committed 28416K, reserved 1075200K
  class space    used 3092K, capacity 3277K, committed 3328K, reserved 1048576K
GC Heap History (10 events):
Event: 9.072 GC heap after
Heap after GC invocations=50 (full 3):
 def new generation   total 15360K, used 1664K [0x00000000f0800000, 0x00000000f18a0000, 0x00000000f5aa0000)
  eden space 13696K,   0% used [0x00000000f0800000, 0x00000000f0800000, 0x00000000f1560000)
  from space 1664K, 100% used [0x00000000f1700000, 0x00000000f18a0000, 0x00000000f18a0000)
  to   space 1664K,   0% used [0x00000000f1560000, 0x00000000f1560000, 0x00000000f1700000)
 tenured generation   total 33920K, used 29087K [0x00000000f5aa0000, 0x00000000f7bc0000, 0x0000000100000000)
   the space 33920K,  85% used [0x00000000f5aa0000, 0x00000000f7707d48, 0x00000000f7707e00, 0x00000000f7bc0000)
 Metaspace       used 24215K, capacity 24708K, committed 24960K, reserved 1071104K
  class space    used 2654K, capacity 2817K, committed 2944K, reserved 1048576K
}
Event: 9.834 GC heap before
{Heap before GC invocations=50 (full 3):
 def new generation   total 15360K, used 15360K [0x00000000f0800000, 0x00000000f18a0000, 0x00000000f5aa0000)
  eden space 13696K, 100% used [0x00000000f0800000, 0x00000000f1560000, 0x00000000f1560000)
  from space 1664K, 100% used [0x00000000f1700000, 0x00000000f18a0000, 0x00000000f18a0000)
  to   space 1664K,   0% used [0x00000000f1560000, 0x00000000f1560000, 0x00000000f1700000)
 tenured generation   total 33920K, used 29087K [0x00000000f5aa0000, 0x00000000f7bc0000, 0x0000000100000000)
   the space 33920K,  85% used [0x00000000f5aa0000, 0x00000000f7707d48, 0x00000000f7707e00, 0x00000000f7bc0000)
 Metaspace       used 26133K, capacity 26652K, committed 27008K, reserved 1073152K
  class space    used 2938K, capacity 3081K, committed 3200K, reserved 1048576K
Event: 9.841 GC heap after
Heap after GC invocations=51 (full 3):
 def new generation   total 15360K, used 1663K [0x00000000f0800000, 0x00000000f18a0000, 0x00000000f5aa0000)
  eden space 13696K,   0% used [0x00000000f0800000, 0x00000000f0800000, 0x00000000f1560000)
  from space 1664K,  99% used [0x00000000f1560000, 0x00000000f16ffff8, 0x00000000f1700000)
  to   space 1664K,   0% used [0x00000000f1700000, 0x00000000f1700000, 0x00000000f18a0000)
 tenured generation   total 33920K, used 30849K [0x00000000f5aa0000, 0x00000000f7bc0000, 0x0000000100000000)
   the space 33920K,  90% used [0x00000000f5aa0000, 0x00000000f78c0490, 0x00000000f78c0600, 0x00000000f7bc0000)
 Metaspace       used 26133K, capacity 26652K, committed 27008K, reserved 1073152K
  class space    used 2938K, capacity 3081K, committed 3200K, reserved 1048576K
}
Event: 10.528 GC heap before
{Heap before GC invocations=51 (full 3):
 def new generation   total 15360K, used 9913K [0x00000000f0800000, 0x00000000f18a0000, 0x00000000f5aa0000)
  eden space 13696K,  60% used [0x00000000f0800000, 0x00000000f100e7d0, 0x00000000f1560000)
  from space 1664K,  99% used [0x00000000f1560000, 0x00000000f16ffff8, 0x00000000f1700000)
  to   space 1664K,   0% used [0x00000000f1700000, 0x00000000f1700000, 0x00000000f18a0000)
 tenured generation   total 33920K, used 30849K [0x00000000f5aa0000, 0x00000000f7bc0000, 0x0000000100000000)
   the space 33920K,  90% used [0x00000000f5aa0000, 0x00000000f78c0490, 0x00000000f78c0600, 0x00000000f7bc0000)
 Metaspace       used 27288K, capacity 27828K, committed 28160K, reserved 1075200K
  class space    used 3064K, capacity 3213K, committed 3328K, reserved 1048576K
Event: 10.538 GC heap after
Heap after GC invocations=52 (full 3):
 def new generation   total 15360K, used 1396K [0x00000000f0800000, 0x00000000f18a0000, 0x00000000f5aa0000)
  eden space 13696K,   0% used [0x00000000f0800000, 0x00000000f0800000, 0x00000000f1560000)
  from space 1664K,  83% used [0x00000000f1700000, 0x00000000f185d358, 0x00000000f18a0000)
  to   space 1664K,   0% used [0x00000000f1560000, 0x00000000f1560000, 0x00000000f1700000)
 tenured generation   total 33920K, used 31665K [0x00000000f5aa0000, 0x00000000f7bc0000, 0x0000000100000000)
   the space 33920K,  93% used [0x00000000f5aa0000, 0x00000000f798c5e0, 0x00000000f798c600, 0x00000000f7bc0000)
 Metaspace       used 27288K, capacity 27828K, committed 28160K, reserved 1075200K
  class space    used 3064K, capacity 3213K, committed 3328K, reserved 1048576K
}
Event: 10.545 GC heap before
{Heap before GC invocations=52 (full 3):
 def new generation   total 15360K, used 11432K [0x00000000f0800000, 0x00000000f18a0000, 0x00000000f5aa0000)
  eden space 13696K,  73% used [0x00000000f0800000, 0x00000000f11ccd78, 0x00000000f1560000)
  from space 1664K,  83% used [0x00000000f1700000, 0x00000000f185d358, 0x00000000f18a0000)
  to   space 1664K,   0% used [0x00000000f1560000, 0x00000000f1560000, 0x00000000f1700000)
 tenured generation   total 33920K, used 31665K [0x00000000f5aa0000, 0x00000000f7bc0000, 0x0000000100000000)
   the space 33920K,  93% used [0x00000000f5aa0000, 0x00000000f798c5e0, 0x00000000f798c600, 0x00000000f7bc0000)
 Metaspace       used 27294K, capacity 27828K, committed 28160K, reserved 1075200K
  class space    used 3066K, capacity 3213K, committed 3328K, reserved 1048576K
Event: 10.841 GC heap after
Heap after GC invocations=53 (full 4):
 def new generation   total 26880K, used 0K [0x00000000f0800000, 0x00000000f2520000, 0x00000000f5aa0000)
  eden space 23936K,   0% used [0x00000000f0800000, 0x00000000f0800000, 0x00000000f1f60000)
  from space 2944K,   0% used [0x00000000f1f60000, 0x00000000f1f60000, 0x00000000f2240000)
  to   space 2944K,   0% used [0x00000000f2240000, 0x00000000f2240000, 0x00000000f2520000)
 tenured generation   total 59624K, used 35772K [0x00000000f5aa0000, 0x00000000f94da000, 0x0000000100000000)
   the space 59624K,  59% used [0x00000000f5aa0000, 0x00000000f7d8f120, 0x00000000f7d8f200, 0x00000000f94da000)
 Metaspace       used 27294K, capacity 27828K, committed 28160K, reserved 1075200K
  class space    used 3066K, capacity 3213K, committed 3328K, reserved 1048576K
}
Event: 10.852 GC heap before
{Heap before GC invocations=53 (full 4):
 def new generation   total 26880K, used 20003K [0x00000000f0800000, 0x00000000f2520000, 0x00000000f5aa0000)
  eden space 23936K,  83% used [0x00000000f0800000, 0x00000000f1b88e30, 0x00000000f1f60000)
  from space 2944K,   0% used [0x00000000f1f60000, 0x00000000f1f60000, 0x00000000f2240000)
  to   space 2944K,   0% used [0x00000000f2240000, 0x00000000f2240000, 0x00000000f2520000)
 tenured generation   total 59624K, used 35772K [0x00000000f5aa0000, 0x00000000f94da000, 0x0000000100000000)
   the space 59624K,  59% used [0x00000000f5aa0000, 0x00000000f7d8f120, 0x00000000f7d8f200, 0x00000000f94da000)
 Metaspace       used 27294K, capacity 27828K, committed 28160K, reserved 1075200K
  class space    used 3066K, capacity 3213K, committed 3328K, reserved 1048576K
Event: 10.872 GC heap after
Heap after GC invocations=54 (full 4):
 def new generation   total 26880K, used 16K [0x00000000f0800000, 0x00000000f2520000, 0x00000000f5aa0000)
  eden space 23936K,   0% used [0x00000000f0800000, 0x00000000f0800000, 0x00000000f1f60000)
  from space 2944K,   0% used [0x00000000f2240000, 0x00000000f22443f0, 0x00000000f2520000)
  to   space 2944K,   0% used [0x00000000f1f60000, 0x00000000f1f60000, 0x00000000f2240000)
 tenured generation   total 59624K, used 55303K [0x00000000f5aa0000, 0x00000000f94da000, 0x0000000100000000)
   the space 59624K,  92% used [0x00000000f5aa0000, 0x00000000f90a1e40, 0x00000000f90a2000, 0x00000000f94da000)
 Metaspace       used 27294K, capacity 27828K, committed 28160K, reserved 1075200K
  class space    used 3066K, capacity 3213K, committed 3328K, reserved 1048576K
}
Event: 12.367 GC heap before
{Heap before GC invocations=54 (full 4):
 def new generation   total 26880K, used 21913K [0x00000000f0800000, 0x00000000f2520000, 0x00000000f5aa0000)
  eden space 23936K,  91% used [0x00000000f0800000, 0x00000000f1d62230, 0x00000000f1f60000)
  from space 2944K,   0% used [0x00000000f2240000, 0x00000000f22443f0, 0x00000000f2520000)
  to   space 2944K,   0% used [0x00000000f1f60000, 0x00000000f1f60000, 0x00000000f2240000)
 tenured generation   total 59624K, used 55303K [0x00000000f5aa0000, 0x00000000f94da000, 0x0000000100000000)
   the space 59624K,  92% used [0x00000000f5aa0000, 0x00000000f90a1e40, 0x00000000f90a2000, 0x00000000f94da000)
 Metaspace       used 27529K, capacity 28084K, committed 28416K, reserved 1075200K
  class space    used 3092K, capacity 3277K, committed 3328K, reserved 1048576K

