# JRE version: OpenJDK Runtime Environment (8.0_151-b12) (build 1.8.0_151-b12)
# Java VM: OpenJDK 64-Bit Server VM (25.151-b12 mixed mode linux-amd64 compressed oops)
Heap:
 def new generation   total 27008K, used 0K [0x00000000f0800000, 0x00000000f2540000, 0x00000000f5aa0000)
  eden space 24064K,   0% used [0x00000000f0800000, 0x00000000f0800000, 0x00000000f1f80000)
  from space 2944K,   0% used [0x00000000f1f80000, 0x00000000f1f80000, 0x00000000f2260000)
  to   space 2944K,   0% used [0x00000000f2260000, 0x00000000f2260000, 0x00000000f2540000)
 tenured generation   total 79348K, used 75200K [0x00000000f5aa0000, 0x00000000fa81d000, 0x0000000100000000)
   the space 79348K,  94% used [0x00000000f5aa0000, 0x00000000fa410088, 0x00000000fa410200, 0x00000000fa81d000)
 Metaspace       used 27489K, capacity 28084K, committed 28416K, reserved 1075200K
  class space    used 3095K, capacity 3277K, committed 3328K, reserved 1048576K
GC Heap History (10 events):
Event: 8.245 GC heap after
Heap after GC invocations=50 (full 3):
 def new generation   total 15552K, used 1728K [0x00000000f0800000, 0x00000000f18e0000, 0x00000000f5aa0000)
  eden space 13824K,   0% used [0x00000000f0800000, 0x00000000f0800000, 0x00000000f1580000)
  from space 1728K, 100% used [0x00000000f1730000, 0x00000000f18e0000, 0x00000000f18e0000)
  to   space 1728K,   0% used [0x00000000f1580000, 0x00000000f1580000, 0x00000000f1730000)
 tenured generation   total 34476K, used 27642K [0x00000000f5aa0000, 0x00000000f7c4b000, 0x0000000100000000)
   the space 34476K,  80% used [0x00000000f5aa0000, 0x00000000f759e960, 0x00000000f759ea00, 0x00000000f7c4b000)
 Metaspace       used 24234K, capacity 24708K, committed 24960K, reserved 1071104K
  class space    used 2659K, capacity 2817K, committed 2944K, reserved 1048576K
}
Event: 8.684 GC heap before
{Heap before GC invocations=50 (full 3):
 def new generation   total 15552K, used 15552K [0x00000000f0800000, 0x00000000f18e0000, 0x00000000f5aa0000)
  eden space 13824K, 100% used [0x00000000f0800000, 0x00000000f1580000, 0x00000000f1580000)
  from space 1728K, 100% used [0x00000000f1730000, 0x00000000f18e0000, 0x00000000f18e0000)
  to   space 1728K,   0% used [0x00000000f1580000, 0x00000000f1580000, 0x00000000f1730000)
 tenured generation   total 34476K, used 27642K [0x00000000f5aa0000, 0x00000000f7c4b000, 0x0000000100000000)
   the space 34476K,  80% used [0x00000000f5aa0000, 0x00000000f759e960, 0x00000000f759ea00, 0x00000000f7c4b000)
 Metaspace       used 26263K, capacity 26748K, committed 27008K, reserved 1073152K
  class space    used 2966K, capacity 3113K, committed 3200K, reserved 1048576K
Event: 8.691 GC heap after
Heap after GC invocations=51 (full 3):
 def new generation   total 15552K, used 1728K [0x00000000f0800000, 0x00000000f18e0000, 0x00000000f5aa0000)
  eden space 13824K,   0% used [0x00000000f0800000, 0x00000000f0800000, 0x00000000f1580000)
  from space 1728K, 100% used [0x00000000f1580000, 0x00000000f1730000, 0x00000000f1730000)
  to   space 1728K,   0% used [0x00000000f1730000, 0x00000000f1730000, 0x00000000f18e0000)
 tenured generation   total 34476K, used 29351K [0x00000000f5aa0000, 0x00000000f7c4b000, 0x0000000100000000)
   the space 34476K,  85% used [0x00000000f5aa0000, 0x00000000f7749ca0, 0x00000000f7749e00, 0x00000000f7c4b000)
 Metaspace       used 26263K, capacity 26748K, committed 27008K, reserved 1073152K
  class space    used 2966K, capacity 3113K, committed 3200K, reserved 1048576K
}
Event: 9.263 GC heap before
{Heap before GC invocations=51 (full 3):
 def new generation   total 15552K, used 8656K [0x00000000f0800000, 0x00000000f18e0000, 0x00000000f5aa0000)
  eden space 13824K,  50% used [0x00000000f0800000, 0x00000000f0ec40a8, 0x00000000f1580000)
  from space 1728K, 100% used [0x00000000f1580000, 0x00000000f1730000, 0x00000000f1730000)
  to   space 1728K,   0% used [0x00000000f1730000, 0x00000000f1730000, 0x00000000f18e0000)
 tenured generation   total 34476K, used 29351K [0x00000000f5aa0000, 0x00000000f7c4b000, 0x0000000100000000)
   the space 34476K,  85% used [0x00000000f5aa0000, 0x00000000f7749ca0, 0x00000000f7749e00, 0x00000000f7c4b000)
 Metaspace       used 27248K, capacity 27828K, committed 28160K, reserved 1075200K
  class space    used 3067K, capacity 3213K, committed 3328K, reserved 1048576K
Event: 9.280 GC heap after
Heap after GC invocations=52 (full 3):
 def new generation   total 15552K, used 1222K [0x00000000f0800000, 0x00000000f18e0000, 0x00000000f5aa0000)
  eden space 13824K,   0% used [0x00000000f0800000, 0x00000000f0800000, 0x00000000f1580000)
  from space 1728K,  70% used [0x00000000f1730000, 0x00000000f18619e0, 0x00000000f18e0000)
  to   space 1728K,   0% used [0x00000000f1580000, 0x00000000f1580000, 0x00000000f1730000)
 tenured generation   total 34476K, used 30183K [0x00000000f5aa0000, 0x00000000f7c4b000, 0x0000000100000000)
   the space 34476K,  87% used [0x00000000f5aa0000, 0x00000000f7819cd0, 0x00000000f7819e00, 0x00000000f7c4b000)
 Metaspace       used 27248K, capacity 27828K, committed 28160K, reserved 1075200K
  class space    used 3067K, capacity 3213K, committed 3328K, reserved 1048576K
}
Event: 9.284 GC heap before
{Heap before GC invocations=52 (full 3):
 def new generation   total 15552K, used 11260K [0x00000000f0800000, 0x00000000f18e0000, 0x00000000f5aa0000)
  eden space 13824K,  72% used [0x00000000f0800000, 0x00000000f11cd7c0, 0x00000000f1580000)
  from space 1728K,  70% used [0x00000000f1730000, 0x00000000f18619e0, 0x00000000f18e0000)
  to   space 1728K,   0% used [0x00000000f1580000, 0x00000000f1580000, 0x00000000f1730000)
 tenured generation   total 34476K, used 30183K [0x00000000f5aa0000, 0x00000000f7c4b000, 0x0000000100000000)
   the space 34476K,  87% used [0x00000000f5aa0000, 0x00000000f7819cd0, 0x00000000f7819e00, 0x00000000f7c4b000)
 Metaspace       used 27255K, capacity 27828K, committed 28160K, reserved 1075200K
  class space    used 3068K, capacity 3213K, committed 3328K, reserved 1048576K
Event: 9.424 GC heap after
Heap after GC invocations=53 (full 4):
 def new generation   total 27008K, used 0K [0x00000000f0800000, 0x00000000f2540000, 0x00000000f5aa0000)
  eden space 24064K,   0% used [0x00000000f0800000, 0x00000000f0800000, 0x00000000f1f80000)
  from space 2944K,   0% used [0x00000000f1f80000, 0x00000000f1f80000, 0x00000000f2260000)
  to   space 2944K,   0% used [0x00000000f2260000, 0x00000000f2260000, 0x00000000f2540000)
 tenured generation   total 59812K, used 35886K [0x00000000f5aa0000, 0x00000000f9509000, 0x0000000100000000)
   the space 59812K,  59% used [0x00000000f5aa0000, 0x00000000f7dabb50, 0x00000000f7dabc00, 0x00000000f9509000)
 Metaspace       used 27255K, capacity 27828K, committed 28160K, reserved 1075200K
  class space    used 3068K, capacity 3213K, committed 3328K, reserved 1048576K
}
Event: 9.432 GC heap before
{Heap before GC invocations=53 (full 4):
 def new generation   total 27008K, used 20004K [0x00000000f0800000, 0x00000000f2540000, 0x00000000f5aa0000)
  eden space 24064K,  83% used [0x00000000f0800000, 0x00000000f1b89020, 0x00000000f1f80000)
  from space 2944K,   0% used [0x00000000f1f80000, 0x00000000f1f80000, 0x00000000f2260000)
  to   space 2944K,   0% used [0x00000000f2260000, 0x00000000f2260000, 0x00000000f2540000)
 tenured generation   total 59812K, used 35886K [0x00000000f5aa0000, 0x00000000f9509000, 0x0000000100000000)
   the space 59812K,  59% used [0x00000000f5aa0000, 0x00000000f7dabb50, 0x00000000f7dabc00, 0x00000000f9509000)
 Metaspace       used 27255K, capacity 27828K, committed 28160K, reserved 1075200K
  class space    used 3068K, capacity 3213K, committed 3328K, reserved 1048576K
Event: 9.441 GC heap after
Heap after GC invocations=54 (full 4):
 def new generation   total 27008K, used 16K [0x00000000f0800000, 0x00000000f2540000, 0x00000000f5aa0000)
  eden space 24064K,   0% used [0x00000000f0800000, 0x00000000f0800000, 0x00000000f1f80000)
  from space 2944K,   0% used [0x00000000f2260000, 0x00000000f22643f0, 0x00000000f2540000)
  to   space 2944K,   0% used [0x00000000f1f80000, 0x00000000f1f80000, 0x00000000f2260000)
 tenured generation   total 59812K, used 55418K [0x00000000f5aa0000, 0x00000000f9509000, 0x0000000100000000)
   the space 59812K,  92% used [0x00000000f5aa0000, 0x00000000f90be870, 0x00000000f90bea00, 0x00000000f9509000)
 Metaspace       used 27255K, capacity 27828K, committed 28160K, reserved 1075200K
  class space    used 3068K, capacity 3213K, committed 3328K, reserved 1048576K
}
Event: 9.910 GC heap before
{Heap before GC invocations=54 (full 4):
 def new generation   total 27008K, used 21921K [0x00000000f0800000, 0x00000000f2540000, 0x00000000f5aa0000)
  eden space 24064K,  91% used [0x00000000f0800000, 0x00000000f1d64038, 0x00000000f1f80000)
  from space 2944K,   0% used [0x00000000f2260000, 0x00000000f22643f0, 0x00000000f2540000)
  to   space 2944K,   0% used [0x00000000f1f80000, 0x00000000f1f80000, 0x00000000f2260000)
 tenured generation   total 59812K, used 55418K [0x00000000f5aa0000, 0x00000000f9509000, 0x0000000100000000)
   the space 59812K,  92% used [0x00000000f5aa0000, 0x00000000f90be870, 0x00000000f90bea00, 0x00000000f9509000)
 Metaspace       used 27489K, capacity 28084K, committed 28416K, reserved 1075200K
  class space    used 3095K, capacity 3277K, committed 3328K, reserved 1048576K

