# JRE version: OpenJDK Runtime Environment (8.0_151-b12) (build 1.8.0_151-b12)
# Java VM: OpenJDK 64-Bit Server VM (25.151-b12 mixed mode linux-amd64 compressed oops)
Heap:
 def new generation   total 27200K, used 0K [0x00000000f0800000, 0x00000000f2580000, 0x00000000f5aa0000)
  eden space 24192K,   0% used [0x00000000f0800000, 0x00000000f0800000, 0x00000000f1fa0000)
  from space 3008K,   0% used [0x00000000f1fa0000, 0x00000000f1fa0000, 0x00000000f2290000)
  to   space 3008K,   0% used [0x00000000f2290000, 0x00000000f2290000, 0x00000000f2580000)
 tenured generation   total 79876K, used 75516K [0x00000000f5aa0000, 0x00000000fa8a1000, 0x0000000100000000)
   the space 79876K,  94% used [0x00000000f5aa0000, 0x00000000fa45f070, 0x00000000fa45f200, 0x00000000fa8a1000)
 Metaspace       used 27436K, capacity 27920K, committed 28160K, reserved 1075200K
  class space    used 3089K, capacity 3245K, committed 3328K, reserved 1048576K
GC Heap History (10 events):
Event: 8.148 GC heap after
Heap after GC invocations=50 (full 3):
 def new generation   total 15680K, used 1728K [0x00000000f0800000, 0x00000000f1900000, 0x00000000f5aa0000)
  eden space 13952K,   0% used [0x00000000f0800000, 0x00000000f0800000, 0x00000000f15a0000)
  from space 1728K, 100% used [0x00000000f1750000, 0x00000000f1900000, 0x00000000f1900000)
  to   space 1728K,   0% used [0x00000000f15a0000, 0x00000000f15a0000, 0x00000000f1750000)
 tenured generation   total 34696K, used 27911K [0x00000000f5aa0000, 0x00000000f7c82000, 0x0000000100000000)
   the space 34696K,  80% used [0x00000000f5aa0000, 0x00000000f75e1dd0, 0x00000000f75e1e00, 0x00000000f7c82000)
 Metaspace       used 24373K, capacity 24896K, committed 25216K, reserved 1071104K
  class space    used 2681K, capacity 2817K, committed 2944K, reserved 1048576K
}
Event: 8.576 GC heap before
{Heap before GC invocations=50 (full 3):
 def new generation   total 15680K, used 15680K [0x00000000f0800000, 0x00000000f1900000, 0x00000000f5aa0000)
  eden space 13952K, 100% used [0x00000000f0800000, 0x00000000f15a0000, 0x00000000f15a0000)
  from space 1728K, 100% used [0x00000000f1750000, 0x00000000f1900000, 0x00000000f1900000)
  to   space 1728K,   0% used [0x00000000f15a0000, 0x00000000f15a0000, 0x00000000f1750000)
 tenured generation   total 34696K, used 27911K [0x00000000f5aa0000, 0x00000000f7c82000, 0x0000000100000000)
   the space 34696K,  80% used [0x00000000f5aa0000, 0x00000000f75e1dd0, 0x00000000f75e1e00, 0x00000000f7c82000)
 Metaspace       used 26400K, capacity 26872K, committed 27008K, reserved 1073152K
  class space    used 2975K, capacity 3113K, committed 3200K, reserved 1048576K
Event: 8.584 GC heap after
Heap after GC invocations=51 (full 3):
 def new generation   total 15680K, used 1728K [0x00000000f0800000, 0x00000000f1900000, 0x00000000f5aa0000)
  eden space 13952K,   0% used [0x00000000f0800000, 0x00000000f0800000, 0x00000000f15a0000)
  from space 1728K, 100% used [0x00000000f15a0000, 0x00000000f1750000, 0x00000000f1750000)
  to   space 1728K,   0% used [0x00000000f1750000, 0x00000000f1750000, 0x00000000f1900000)
 tenured generation   total 34696K, used 29669K [0x00000000f5aa0000, 0x00000000f7c82000, 0x0000000100000000)
   the space 34696K,  85% used [0x00000000f5aa0000, 0x00000000f77995a8, 0x00000000f7799600, 0x00000000f7c82000)
 Metaspace       used 26400K, capacity 26872K, committed 27008K, reserved 1073152K
  class space    used 2975K, capacity 3113K, committed 3200K, reserved 1048576K
}
Event: 9.232 GC heap before
{Heap before GC invocations=51 (full 3):
 def new generation   total 15680K, used 7351K [0x00000000f0800000, 0x00000000f1900000, 0x00000000f5aa0000)
  eden space 13952K,  40% used [0x00000000f0800000, 0x00000000f0d7dc28, 0x00000000f15a0000)
  from space 1728K, 100% used [0x00000000f15a0000, 0x00000000f1750000, 0x00000000f1750000)
  to   space 1728K,   0% used [0x00000000f1750000, 0x00000000f1750000, 0x00000000f1900000)
 tenured generation   total 34696K, used 29669K [0x00000000f5aa0000, 0x00000000f7c82000, 0x0000000100000000)
   the space 34696K,  85% used [0x00000000f5aa0000, 0x00000000f77995a8, 0x00000000f7799600, 0x00000000f7c82000)
 Metaspace       used 27204K, capacity 27728K, committed 28032K, reserved 1075200K
  class space    used 3061K, capacity 3181K, committed 3200K, reserved 1048576K
Event: 9.237 GC heap after
Heap after GC invocations=52 (full 3):
 def new generation   total 15680K, used 1055K [0x00000000f0800000, 0x00000000f1900000, 0x00000000f5aa0000)
  eden space 13952K,   0% used [0x00000000f0800000, 0x00000000f0800000, 0x00000000f15a0000)
  from space 1728K,  61% used [0x00000000f1750000, 0x00000000f1857fc8, 0x00000000f1900000)
  to   space 1728K,   0% used [0x00000000f15a0000, 0x00000000f15a0000, 0x00000000f1750000)
 tenured generation   total 34696K, used 30449K [0x00000000f5aa0000, 0x00000000f7c82000, 0x0000000100000000)
   the space 34696K,  87% used [0x00000000f5aa0000, 0x00000000f785c578, 0x00000000f785c600, 0x00000000f7c82000)
 Metaspace       used 27204K, capacity 27728K, committed 28032K, reserved 1075200K
  class space    used 3061K, capacity 3181K, committed 3200K, reserved 1048576K
}
Event: 9.244 GC heap before
{Heap before GC invocations=52 (full 3):
 def new generation   total 15680K, used 11099K [0x00000000f0800000, 0x00000000f1900000, 0x00000000f5aa0000)
  eden space 13952K,  71% used [0x00000000f0800000, 0x00000000f11cedf0, 0x00000000f15a0000)
  from space 1728K,  61% used [0x00000000f1750000, 0x00000000f1857fc8, 0x00000000f1900000)
  to   space 1728K,   0% used [0x00000000f15a0000, 0x00000000f15a0000, 0x00000000f1750000)
 tenured generation   total 34696K, used 30449K [0x00000000f5aa0000, 0x00000000f7c82000, 0x0000000100000000)
   the space 34696K,  87% used [0x00000000f5aa0000, 0x00000000f785c578, 0x00000000f785c600, 0x00000000f7c82000)
 Metaspace       used 27211K, capacity 27728K, committed 28032K, reserved 1075200K
  class space    used 3062K, capacity 3181K, committed 3200K, reserved 1048576K
Event: 9.346 GC heap after
Heap after GC invocations=53 (full 4):
 def new generation   total 27200K, used 0K [0x00000000f0800000, 0x00000000f2580000, 0x00000000f5aa0000)
  eden space 24192K,   0% used [0x00000000f0800000, 0x00000000f0800000, 0x00000000f1fa0000)
  from space 3008K,   0% used [0x00000000f1fa0000, 0x00000000f1fa0000, 0x00000000f2290000)
  to   space 3008K,   0% used [0x00000000f2290000, 0x00000000f2290000, 0x00000000f2580000)
 tenured generation   total 60340K, used 36202K [0x00000000f5aa0000, 0x00000000f958d000, 0x0000000100000000)
   the space 60340K,  59% used [0x00000000f5aa0000, 0x00000000f7dfab98, 0x00000000f7dfac00, 0x00000000f958d000)
 Metaspace       used 27211K, capacity 27728K, committed 28032K, reserved 1075200K
  class space    used 3062K, capacity 3181K, committed 3200K, reserved 1048576K
}
Event: 9.354 GC heap before
{Heap before GC invocations=53 (full 4):
 def new generation   total 27200K, used 20010K [0x00000000f0800000, 0x00000000f2580000, 0x00000000f5aa0000)
  eden space 24192K,  82% used [0x00000000f0800000, 0x00000000f1b8aa88, 0x00000000f1fa0000)
  from space 3008K,   0% used [0x00000000f1fa0000, 0x00000000f1fa0000, 0x00000000f2290000)
  to   space 3008K,   0% used [0x00000000f2290000, 0x00000000f2290000, 0x00000000f2580000)
 tenured generation   total 60340K, used 36202K [0x00000000f5aa0000, 0x00000000f958d000, 0x0000000100000000)
   the space 60340K,  59% used [0x00000000f5aa0000, 0x00000000f7dfab98, 0x00000000f7dfac00, 0x00000000f958d000)
 Metaspace       used 27211K, capacity 27728K, committed 28032K, reserved 1075200K
  class space    used 3062K, capacity 3181K, committed 3200K, reserved 1048576K
Event: 9.369 GC heap after
Heap after GC invocations=54 (full 4):
 def new generation   total 27200K, used 16K [0x00000000f0800000, 0x00000000f2580000, 0x00000000f5aa0000)
  eden space 24192K,   0% used [0x00000000f0800000, 0x00000000f0800000, 0x00000000f1fa0000)
  from space 3008K,   0% used [0x00000000f2290000, 0x00000000f22943f0, 0x00000000f2580000)
  to   space 3008K,   0% used [0x00000000f1fa0000, 0x00000000f1fa0000, 0x00000000f2290000)
 tenured generation   total 60340K, used 55734K [0x00000000f5aa0000, 0x00000000f958d000, 0x0000000100000000)
   the space 60340K,  92% used [0x00000000f5aa0000, 0x00000000f910d8b8, 0x00000000f910da00, 0x00000000f958d000)
 Metaspace       used 27211K, capacity 27728K, committed 28032K, reserved 1075200K
  class space    used 3062K, capacity 3181K, committed 3200K, reserved 1048576K
}
Event: 9.850 GC heap before
{Heap before GC invocations=54 (full 4):
 def new generation   total 27200K, used 21944K [0x00000000f0800000, 0x00000000f2580000, 0x00000000f5aa0000)
  eden space 24192K,  90% used [0x00000000f0800000, 0x00000000f1d69c68, 0x00000000f1fa0000)
  from space 3008K,   0% used [0x00000000f2290000, 0x00000000f22943f0, 0x00000000f2580000)
  to   space 3008K,   0% used [0x00000000f1fa0000, 0x00000000f1fa0000, 0x00000000f2290000)
 tenured generation   total 60340K, used 55734K [0x00000000f5aa0000, 0x00000000f958d000, 0x0000000100000000)
   the space 60340K,  92% used [0x00000000f5aa0000, 0x00000000f910d8b8, 0x00000000f910da00, 0x00000000f958d000)
 Metaspace       used 27436K, capacity 27920K, committed 28160K, reserved 1075200K
  class space    used 3089K, capacity 3245K, committed 3328K, reserved 1048576K

