# JRE version: OpenJDK Runtime Environment (8.0_151-b12) (build 1.8.0_151-b12)
# Java VM: OpenJDK 64-Bit Server VM (25.151-b12 mixed mode linux-amd64 compressed oops)
Heap:
 def new generation   total 27456K, used 0K [0x00000000f0800000, 0x00000000f25c0000, 0x00000000f5aa0000)
  eden space 24448K,   0% used [0x00000000f0800000, 0x00000000f0800000, 0x00000000f1fe0000)
  from space 3008K,   0% used [0x00000000f1fe0000, 0x00000000f1fe0000, 0x00000000f22d0000)
  to   space 3008K,   0% used [0x00000000f22d0000, 0x00000000f22d0000, 0x00000000f25c0000)
 tenured generation   total 80332K, used 75790K [0x00000000f5aa0000, 0x00000000fa913000, 0x0000000100000000)
   the space 80332K,  94% used [0x00000000f5aa0000, 0x00000000fa4a3928, 0x00000000fa4a3a00, 0x00000000fa913000)
 Metaspace       used 27474K, capacity 28020K, committed 28160K, reserved 1075200K
  class space    used 3094K, capacity 3277K, committed 3328K, reserved 1048576K
GC Heap History (10 events):
Event: 7.019 GC heap after
Heap after GC invocations=50 (full 3):
 def new generation   total 15360K, used 1664K [0x00000000f0800000, 0x00000000f18a0000, 0x00000000f5aa0000)
  eden space 13696K,   0% used [0x00000000f0800000, 0x00000000f0800000, 0x00000000f1560000)
  from space 1664K, 100% used [0x00000000f1700000, 0x00000000f18a0000, 0x00000000f18a0000)
  to   space 1664K,   0% used [0x00000000f1560000, 0x00000000f1560000, 0x00000000f1700000)
 tenured generation   total 33940K, used 27686K [0x00000000f5aa0000, 0x00000000f7bc5000, 0x0000000100000000)
   the space 33940K,  81% used [0x00000000f5aa0000, 0x00000000f75a98f0, 0x00000000f75a9a00, 0x00000000f7bc5000)
 Metaspace       used 24180K, capacity 24772K, committed 24960K, reserved 1071104K
  class space    used 2654K, capacity 2817K, committed 2944K, reserved 1048576K
}
Event: 7.362 GC heap before
{Heap before GC invocations=50 (full 3):
 def new generation   total 15360K, used 15360K [0x00000000f0800000, 0x00000000f18a0000, 0x00000000f5aa0000)
  eden space 13696K, 100% used [0x00000000f0800000, 0x00000000f1560000, 0x00000000f1560000)
  from space 1664K, 100% used [0x00000000f1700000, 0x00000000f18a0000, 0x00000000f18a0000)
  to   space 1664K,   0% used [0x00000000f1560000, 0x00000000f1560000, 0x00000000f1700000)
 tenured generation   total 33940K, used 27686K [0x00000000f5aa0000, 0x00000000f7bc5000, 0x0000000100000000)
   the space 33940K,  81% used [0x00000000f5aa0000, 0x00000000f75a98f0, 0x00000000f75a9a00, 0x00000000f7bc5000)
 Metaspace       used 26111K, capacity 26684K, committed 27008K, reserved 1073152K
  class space    used 2943K, capacity 3113K, committed 3200K, reserved 1048576K
Event: 7.369 GC heap after
Heap after GC invocations=51 (full 3):
 def new generation   total 15360K, used 1664K [0x00000000f0800000, 0x00000000f18a0000, 0x00000000f5aa0000)
  eden space 13696K,   0% used [0x00000000f0800000, 0x00000000f0800000, 0x00000000f1560000)
  from space 1664K, 100% used [0x00000000f1560000, 0x00000000f1700000, 0x00000000f1700000)
  to   space 1664K,   0% used [0x00000000f1700000, 0x00000000f1700000, 0x00000000f18a0000)
 tenured generation   total 33940K, used 29422K [0x00000000f5aa0000, 0x00000000f7bc5000, 0x0000000100000000)
   the space 33940K,  86% used [0x00000000f5aa0000, 0x00000000f775bb88, 0x00000000f775bc00, 0x00000000f7bc5000)
 Metaspace       used 26111K, capacity 26684K, committed 27008K, reserved 1073152K
  class space    used 2943K, capacity 3113K, committed 3200K, reserved 1048576K
}
Event: 7.905 GC heap before
{Heap before GC invocations=51 (full 3):
 def new generation   total 15360K, used 9912K [0x00000000f0800000, 0x00000000f18a0000, 0x00000000f5aa0000)
  eden space 13696K,  60% used [0x00000000f0800000, 0x00000000f100e068, 0x00000000f1560000)
  from space 1664K, 100% used [0x00000000f1560000, 0x00000000f1700000, 0x00000000f1700000)
  to   space 1664K,   0% used [0x00000000f1700000, 0x00000000f1700000, 0x00000000f18a0000)
 tenured generation   total 33940K, used 29422K [0x00000000f5aa0000, 0x00000000f7bc5000, 0x0000000100000000)
   the space 33940K,  86% used [0x00000000f5aa0000, 0x00000000f775bb88, 0x00000000f775bc00, 0x00000000f7bc5000)
 Metaspace       used 27241K, capacity 27828K, committed 28160K, reserved 1075200K
  class space    used 3066K, capacity 3213K, committed 3328K, reserved 1048576K
Event: 7.914 GC heap after
Heap after GC invocations=52 (full 3):
 def new generation   total 15360K, used 1384K [0x00000000f0800000, 0x00000000f18a0000, 0x00000000f5aa0000)
  eden space 13696K,   0% used [0x00000000f0800000, 0x00000000f0800000, 0x00000000f1560000)
  from space 1664K,  83% used [0x00000000f1700000, 0x00000000f185a238, 0x00000000f18a0000)
  to   space 1664K,   0% used [0x00000000f1560000, 0x00000000f1560000, 0x00000000f1700000)
 tenured generation   total 33940K, used 30232K [0x00000000f5aa0000, 0x00000000f7bc5000, 0x0000000100000000)
   the space 33940K,  89% used [0x00000000f5aa0000, 0x00000000f7826030, 0x00000000f7826200, 0x00000000f7bc5000)
 Metaspace       used 27241K, capacity 27828K, committed 28160K, reserved 1075200K
  class space    used 3066K, capacity 3213K, committed 3328K, reserved 1048576K
}
Event: 7.919 GC heap before
{Heap before GC invocations=52 (full 3):
 def new generation   total 15360K, used 11420K [0x00000000f0800000, 0x00000000f18a0000, 0x00000000f5aa0000)
  eden space 13696K,  73% used [0x00000000f0800000, 0x00000000f11ccdd0, 0x00000000f1560000)
  from space 1664K,  83% used [0x00000000f1700000, 0x00000000f185a238, 0x00000000f18a0000)
  to   space 1664K,   0% used [0x00000000f1560000, 0x00000000f1560000, 0x00000000f1700000)
 tenured generation   total 33940K, used 30232K [0x00000000f5aa0000, 0x00000000f7bc5000, 0x0000000100000000)
   the space 33940K,  89% used [0x00000000f5aa0000, 0x00000000f7826030, 0x00000000f7826200, 0x00000000f7bc5000)
 Metaspace       used 27248K, capacity 27828K, committed 28160K, reserved 1075200K
  class space    used 3067K, capacity 3213K, committed 3328K, reserved 1048576K
Event: 8.040 GC heap after
Heap after GC invocations=53 (full 4):
 def new generation   total 27456K, used 0K [0x00000000f0800000, 0x00000000f25c0000, 0x00000000f5aa0000)
  eden space 24448K,   0% used [0x00000000f0800000, 0x00000000f0800000, 0x00000000f1fe0000)
  from space 3008K,   0% used [0x00000000f1fe0000, 0x00000000f1fe0000, 0x00000000f22d0000)
  to   space 3008K,   0% used [0x00000000f22d0000, 0x00000000f22d0000, 0x00000000f25c0000)
 tenured generation   total 60796K, used 36477K [0x00000000f5aa0000, 0x00000000f95ff000, 0x0000000100000000)
   the space 60796K,  59% used [0x00000000f5aa0000, 0x00000000f7e3f450, 0x00000000f7e3f600, 0x00000000f95ff000)
 Metaspace       used 27248K, capacity 27828K, committed 28160K, reserved 1075200K
  class space    used 3067K, capacity 3213K, committed 3328K, reserved 1048576K
}
Event: 8.045 GC heap before
{Heap before GC invocations=53 (full 4):
 def new generation   total 27456K, used 20012K [0x00000000f0800000, 0x00000000f25c0000, 0x00000000f5aa0000)
  eden space 24448K,  81% used [0x00000000f0800000, 0x00000000f1b8b3d8, 0x00000000f1fe0000)
  from space 3008K,   0% used [0x00000000f1fe0000, 0x00000000f1fe0000, 0x00000000f22d0000)
  to   space 3008K,   0% used [0x00000000f22d0000, 0x00000000f22d0000, 0x00000000f25c0000)
 tenured generation   total 60796K, used 36477K [0x00000000f5aa0000, 0x00000000f95ff000, 0x0000000100000000)
   the space 60796K,  59% used [0x00000000f5aa0000, 0x00000000f7e3f450, 0x00000000f7e3f600, 0x00000000f95ff000)
 Metaspace       used 27248K, capacity 27828K, committed 28160K, reserved 1075200K
  class space    used 3067K, capacity 3213K, committed 3328K, reserved 1048576K
Event: 8.058 GC heap after
Heap after GC invocations=54 (full 4):
 def new generation   total 27456K, used 16K [0x00000000f0800000, 0x00000000f25c0000, 0x00000000f5aa0000)
  eden space 24448K,   0% used [0x00000000f0800000, 0x00000000f0800000, 0x00000000f1fe0000)
  from space 3008K,   0% used [0x00000000f22d0000, 0x00000000f22d43f0, 0x00000000f25c0000)
  to   space 3008K,   0% used [0x00000000f1fe0000, 0x00000000f1fe0000, 0x00000000f22d0000)
 tenured generation   total 60796K, used 56008K [0x00000000f5aa0000, 0x00000000f95ff000, 0x0000000100000000)
   the space 60796K,  92% used [0x00000000f5aa0000, 0x00000000f9152170, 0x00000000f9152200, 0x00000000f95ff000)
 Metaspace       used 27248K, capacity 27828K, committed 28160K, reserved 1075200K
  class space    used 3067K, capacity 3213K, committed 3328K, reserved 1048576K
}
Event: 8.550 GC heap before
{Heap before GC invocations=54 (full 4):
 def new generation   total 27456K, used 21962K [0x00000000f0800000, 0x00000000f25c0000, 0x00000000f5aa0000)
  eden space 24448K,  89% used [0x00000000f0800000, 0x00000000f1d6e580, 0x00000000f1fe0000)
  from space 3008K,   0% used [0x00000000f22d0000, 0x00000000f22d43f0, 0x00000000f25c0000)
  to   space 3008K,   0% used [0x00000000f1fe0000, 0x00000000f1fe0000, 0x00000000f22d0000)
 tenured generation   total 60796K, used 56008K [0x00000000f5aa0000, 0x00000000f95ff000, 0x0000000100000000)
   the space 60796K,  92% used [0x00000000f5aa0000, 0x00000000f9152170, 0x00000000f9152200, 0x00000000f95ff000)
 Metaspace       used 27474K, capacity 28020K, committed 28160K, reserved 1075200K
  class space    used 3094K, capacity 3277K, committed 3328K, reserved 1048576K

