# JRE version: OpenJDK Runtime Environment (8.0_151-b12) (build 1.8.0_151-b12)
# Java VM: OpenJDK 64-Bit Server VM (25.151-b12 mixed mode linux-amd64 compressed oops)
Heap:
 def new generation   total 57664K, used 28208K [0x00000000f0800000, 0x00000000f4690000, 0x00000000f5aa0000)
  eden space 51264K,  55% used [0x00000000f0800000, 0x00000000f238c3c0, 0x00000000f3a10000)
  from space 6400K,   0% used [0x00000000f3a10000, 0x00000000f3a10000, 0x00000000f4050000)
  to   space 6400K,   0% used [0x00000000f4050000, 0x00000000f4050000, 0x00000000f4690000)
 tenured generation   total 128092K, used 76854K [0x00000000f5aa0000, 0x00000000fd7b7000, 0x0000000100000000)
   the space 128092K,  59% used [0x00000000f5aa0000, 0x00000000fa5ad898, 0x00000000fa5ada00, 0x00000000fd7b7000)
 Metaspace       used 27505K, capacity 28020K, committed 28160K, reserved 1075200K
  class space    used 3094K, capacity 3277K, committed 3328K, reserved 1048576K
GC Heap History (10 events):
Event: 14.217 GC heap before
{Heap before GC invocations=50 (full 3):
 def new generation   total 17280K, used 16700K [0x00000000f0800000, 0x00000000f1ab0000, 0x00000000f5aa0000)
  eden space 15424K, 100% used [0x00000000f0800000, 0x00000000f1710000, 0x00000000f1710000)
  from space 1856K,  68% used [0x00000000f1710000, 0x00000000f184f348, 0x00000000f18e0000)
  to   space 1856K,   0% used [0x00000000f18e0000, 0x00000000f18e0000, 0x00000000f1ab0000)
 tenured generation   total 38216K, used 28695K [0x00000000f5aa0000, 0x00000000f7ff2000, 0x0000000100000000)
   the space 38216K,  75% used [0x00000000f5aa0000, 0x00000000f76a5dd0, 0x00000000f76a5e00, 0x00000000f7ff2000)
 Metaspace       used 26065K, capacity 26524K, committed 26752K, reserved 1073152K
  class space    used 2938K, capacity 3081K, committed 3200K, reserved 1048576K
Event: 14.224 GC heap after
Heap after GC invocations=51 (full 3):
 def new generation   total 17280K, used 1855K [0x00000000f0800000, 0x00000000f1ab0000, 0x00000000f5aa0000)
  eden space 15424K,   0% used [0x00000000f0800000, 0x00000000f0800000, 0x00000000f1710000)
  from space 1856K,  99% used [0x00000000f18e0000, 0x00000000f1aafff0, 0x00000000f1ab0000)
  to   space 1856K,   0% used [0x00000000f1710000, 0x00000000f1710000, 0x00000000f18e0000)
 tenured generation   total 38216K, used 29885K [0x00000000f5aa0000, 0x00000000f7ff2000, 0x0000000100000000)
   the space 38216K,  78% used [0x00000000f5aa0000, 0x00000000f77cf6c0, 0x00000000f77cf800, 0x00000000f7ff2000)
 Metaspace       used 26065K, capacity 26524K, committed 26752K, reserved 1073152K
  class space    used 2938K, capacity 3081K, committed 3200K, reserved 1048576K
}
Event: 14.767 GC heap before
{Heap before GC invocations=51 (full 3):
 def new generation   total 17280K, used 10183K [0x00000000f0800000, 0x00000000f1ab0000, 0x00000000f5aa0000)
  eden space 15424K,  53% used [0x00000000f0800000, 0x00000000f1021f80, 0x00000000f1710000)
  from space 1856K,  99% used [0x00000000f18e0000, 0x00000000f1aafff0, 0x00000000f1ab0000)
  to   space 1856K,   0% used [0x00000000f1710000, 0x00000000f1710000, 0x00000000f18e0000)
 tenured generation   total 38216K, used 29885K [0x00000000f5aa0000, 0x00000000f7ff2000, 0x0000000100000000)
   the space 38216K,  78% used [0x00000000f5aa0000, 0x00000000f77cf6c0, 0x00000000f77cf800, 0x00000000f7ff2000)
 Metaspace       used 27231K, capacity 27700K, committed 27904K, reserved 1073152K
  class space    used 3065K, capacity 3213K, committed 3328K, reserved 1048576K
Event: 14.772 GC heap after
Heap after GC invocations=52 (full 3):
 def new generation   total 17280K, used 1403K [0x00000000f0800000, 0x00000000f1ab0000, 0x00000000f5aa0000)
  eden space 15424K,   0% used [0x00000000f0800000, 0x00000000f0800000, 0x00000000f1710000)
  from space 1856K,  75% used [0x00000000f1710000, 0x00000000f186ecc8, 0x00000000f18e0000)
  to   space 1856K,   0% used [0x00000000f18e0000, 0x00000000f18e0000, 0x00000000f1ab0000)
 tenured generation   total 38216K, used 30729K [0x00000000f5aa0000, 0x00000000f7ff2000, 0x0000000100000000)
   the space 38216K,  80% used [0x00000000f5aa0000, 0x00000000f78a2488, 0x00000000f78a2600, 0x00000000f7ff2000)
 Metaspace       used 27231K, capacity 27700K, committed 27904K, reserved 1073152K
  class space    used 3065K, capacity 3213K, committed 3328K, reserved 1048576K
}
Event: 14.778 GC heap before
{Heap before GC invocations=52 (full 3):
 def new generation   total 17280K, used 11472K [0x00000000f0800000, 0x00000000f1ab0000, 0x00000000f5aa0000)
  eden space 15424K,  65% used [0x00000000f0800000, 0x00000000f11d5588, 0x00000000f1710000)
  from space 1856K,  75% used [0x00000000f1710000, 0x00000000f186ecc8, 0x00000000f18e0000)
  to   space 1856K,   0% used [0x00000000f18e0000, 0x00000000f18e0000, 0x00000000f1ab0000)
 tenured generation   total 38216K, used 30729K [0x00000000f5aa0000, 0x00000000f7ff2000, 0x0000000100000000)
   the space 38216K,  80% used [0x00000000f5aa0000, 0x00000000f78a2488, 0x00000000f78a2600, 0x00000000f7ff2000)
 Metaspace       used 27238K, capacity 27700K, committed 27904K, reserved 1073152K
  class space    used 3066K, capacity 3213K, committed 3328K, reserved 1048576K
Event: 14.975 GC heap after
Heap after GC invocations=53 (full 4):
 def new generation   total 28224K, used 0K [0x00000000f0800000, 0x00000000f2690000, 0x00000000f5aa0000)
  eden space 25152K,   0% used [0x00000000f0800000, 0x00000000f0800000, 0x00000000f2090000)
  from space 3072K,   0% used [0x00000000f2090000, 0x00000000f2090000, 0x00000000f2390000)
  to   space 3072K,   0% used [0x00000000f2390000, 0x00000000f2390000, 0x00000000f2690000)
 tenured generation   total 62572K, used 37542K [0x00000000f5aa0000, 0x00000000f97bb000, 0x0000000100000000)
   the space 62572K,  59% used [0x00000000f5aa0000, 0x00000000f7f49bb0, 0x00000000f7f49c00, 0x00000000f97bb000)
 Metaspace       used 27238K, capacity 27700K, committed 27904K, reserved 1073152K
  class space    used 3066K, capacity 3213K, committed 3328K, reserved 1048576K
}
Event: 14.983 GC heap before
{Heap before GC invocations=53 (full 4):
 def new generation   total 28224K, used 20026K [0x00000000f0800000, 0x00000000f2690000, 0x00000000f5aa0000)
  eden space 25152K,  79% used [0x00000000f0800000, 0x00000000f1b8ea00, 0x00000000f2090000)
  from space 3072K,   0% used [0x00000000f2090000, 0x00000000f2090000, 0x00000000f2390000)
  to   space 3072K,   0% used [0x00000000f2390000, 0x00000000f2390000, 0x00000000f2690000)
 tenured generation   total 62572K, used 37542K [0x00000000f5aa0000, 0x00000000f97bb000, 0x0000000100000000)
   the space 62572K,  59% used [0x00000000f5aa0000, 0x00000000f7f49bb0, 0x00000000f7f49c00, 0x00000000f97bb000)
 Metaspace       used 27238K, capacity 27700K, committed 27904K, reserved 1073152K
  class space    used 3066K, capacity 3213K, committed 3328K, reserved 1048576K
Event: 15.008 GC heap after
Heap after GC invocations=54 (full 4):
 def new generation   total 28224K, used 16K [0x00000000f0800000, 0x00000000f2690000, 0x00000000f5aa0000)
  eden space 25152K,   0% used [0x00000000f0800000, 0x00000000f0800000, 0x00000000f2090000)
  from space 3072K,   0% used [0x00000000f2390000, 0x00000000f23943f0, 0x00000000f2690000)
  to   space 3072K,   0% used [0x00000000f2090000, 0x00000000f2090000, 0x00000000f2390000)
 tenured generation   total 62572K, used 57074K [0x00000000f5aa0000, 0x00000000f97bb000, 0x0000000100000000)
   the space 62572K,  91% used [0x00000000f5aa0000, 0x00000000f925c8d0, 0x00000000f925ca00, 0x00000000f97bb000)
 Metaspace       used 27238K, capacity 27700K, committed 27904K, reserved 1073152K
  class space    used 3066K, capacity 3213K, committed 3328K, reserved 1048576K
}
Event: 15.943 GC heap before
{Heap before GC invocations=54 (full 4):
 def new generation   total 28224K, used 21778K [0x00000000f0800000, 0x00000000f2690000, 0x00000000f5aa0000)
  eden space 25152K,  86% used [0x00000000f0800000, 0x00000000f1d40788, 0x00000000f2090000)
  from space 3072K,   0% used [0x00000000f2390000, 0x00000000f23943f0, 0x00000000f2690000)
  to   space 3072K,   0% used [0x00000000f2090000, 0x00000000f2090000, 0x00000000f2390000)
 tenured generation   total 62572K, used 57074K [0x00000000f5aa0000, 0x00000000f97bb000, 0x0000000100000000)
   the space 62572K,  91% used [0x00000000f5aa0000, 0x00000000f925c8d0, 0x00000000f925ca00, 0x00000000f97bb000)
 Metaspace       used 27474K, capacity 27956K, committed 28160K, reserved 1075200K
  class space    used 3093K, capacity 3277K, committed 3328K, reserved 1048576K
Event: 16.113 GC heap after
Heap after GC invocations=55 (full 5):
 def new generation   total 57664K, used 0K [0x00000000f0800000, 0x00000000f4690000, 0x00000000f5aa0000)
  eden space 51264K,   0% used [0x00000000f0800000, 0x00000000f0800000, 0x00000000f3a10000)
  from space 6400K,   0% used [0x00000000f3a10000, 0x00000000f3a10000, 0x00000000f4050000)
  to   space 6400K,   0% used [0x00000000f4050000, 0x00000000f4050000, 0x00000000f4690000)
 tenured generation   total 128092K, used 76854K [0x00000000f5aa0000, 0x00000000fd7b7000, 0x0000000100000000)
   the space 128092K,  59% used [0x00000000f5aa0000, 0x00000000fa5ad898, 0x00000000fa5ada00, 0x00000000fd7b7000)
 Metaspace       used 27474K, capacity 27956K, committed 28160K, reserved 1075200K
  class space    used 3093K, capacity 3277K, committed 3328K, reserved 1048576K
}

