# JRE version: OpenJDK Runtime Environment (8.0_151-b12) (build 1.8.0_151-b12)
# Java VM: OpenJDK 64-Bit Server VM (25.151-b12 mixed mode linux-amd64 compressed oops)
Heap:
 def new generation   total 26944K, used 0K [0x00000000f0800000, 0x00000000f2530000, 0x00000000f5aa0000)
  eden space 24000K,   0% used [0x00000000f0800000, 0x00000000f0800000, 0x00000000f1f70000)
  from space 2944K,   0% used [0x00000000f1f70000, 0x00000000f1f70000, 0x00000000f2250000)
  to   space 2944K,   0% used [0x00000000f2250000, 0x00000000f2250000, 0x00000000f2530000)
 tenured generation   total 79300K, used 75169K [0x00000000f5aa0000, 0x00000000fa811000, 0x0000000100000000)
   the space 79300K,  94% used [0x00000000f5aa0000, 0x00000000fa4086e0, 0x00000000fa408800, 0x00000000fa811000)
 Metaspace       used 27481K, capacity 28016K, committed 28160K, reserved 1075200K
  class space    used 3093K, capacity 3277K, committed 3328K, reserved 1048576K
GC Heap History (10 events):
Event: 6.986 GC heap after
Heap after GC invocations=50 (full 3):
 def new generation   total 15872K, used 1727K [0x00000000f0800000, 0x00000000f1930000, 0x00000000f5aa0000)
  eden space 14144K,   0% used [0x00000000f0800000, 0x00000000f0800000, 0x00000000f15d0000)
  from space 1728K,  99% used [0x00000000f1780000, 0x00000000f192fff8, 0x00000000f1930000)
  to   space 1728K,   0% used [0x00000000f15d0000, 0x00000000f15d0000, 0x00000000f1780000)
 tenured generation   total 35176K, used 29448K [0x00000000f5aa0000, 0x00000000f7cfa000, 0x0000000100000000)
   the space 35176K,  83% used [0x00000000f5aa0000, 0x00000000f7762228, 0x00000000f7762400, 0x00000000f7cfa000)
 Metaspace       used 24229K, capacity 24768K, committed 24960K, reserved 1071104K
  class space    used 2660K, capacity 2817K, committed 2944K, reserved 1048576K
}
Event: 7.361 GC heap before
{Heap before GC invocations=50 (full 3):
 def new generation   total 15872K, used 15871K [0x00000000f0800000, 0x00000000f1930000, 0x00000000f5aa0000)
  eden space 14144K, 100% used [0x00000000f0800000, 0x00000000f15d0000, 0x00000000f15d0000)
  from space 1728K,  99% used [0x00000000f1780000, 0x00000000f192fff8, 0x00000000f1930000)
  to   space 1728K,   0% used [0x00000000f15d0000, 0x00000000f15d0000, 0x00000000f1780000)
 tenured generation   total 35176K, used 29448K [0x00000000f5aa0000, 0x00000000f7cfa000, 0x0000000100000000)
   the space 35176K,  83% used [0x00000000f5aa0000, 0x00000000f7762228, 0x00000000f7762400, 0x00000000f7cfa000)
 Metaspace       used 26295K, capacity 26744K, committed 27008K, reserved 1073152K
  class space    used 2968K, capacity 3113K, committed 3200K, reserved 1048576K
Event: 7.370 GC heap after
Heap after GC invocations=51 (full 3):
 def new generation   total 15872K, used 1728K [0x00000000f0800000, 0x00000000f1930000, 0x00000000f5aa0000)
  eden space 14144K,   0% used [0x00000000f0800000, 0x00000000f0800000, 0x00000000f15d0000)
  from space 1728K, 100% used [0x00000000f15d0000, 0x00000000f1780000, 0x00000000f1780000)
  to   space 1728K,   0% used [0x00000000f1780000, 0x00000000f1780000, 0x00000000f1930000)
 tenured generation   total 35176K, used 31267K [0x00000000f5aa0000, 0x00000000f7cfa000, 0x0000000100000000)
   the space 35176K,  88% used [0x00000000f5aa0000, 0x00000000f7928f68, 0x00000000f7929000, 0x00000000f7cfa000)
 Metaspace       used 26295K, capacity 26744K, committed 27008K, reserved 1073152K
  class space    used 2968K, capacity 3113K, committed 3200K, reserved 1048576K
}
Event: 7.801 GC heap before
{Heap before GC invocations=51 (full 3):
 def new generation   total 15872K, used 8312K [0x00000000f0800000, 0x00000000f1930000, 0x00000000f5aa0000)
  eden space 14144K,  46% used [0x00000000f0800000, 0x00000000f0e6e000, 0x00000000f15d0000)
  from space 1728K, 100% used [0x00000000f15d0000, 0x00000000f1780000, 0x00000000f1780000)
  to   space 1728K,   0% used [0x00000000f1780000, 0x00000000f1780000, 0x00000000f1930000)
 tenured generation   total 35176K, used 31267K [0x00000000f5aa0000, 0x00000000f7cfa000, 0x0000000100000000)
   the space 35176K,  88% used [0x00000000f5aa0000, 0x00000000f7928f68, 0x00000000f7929000, 0x00000000f7cfa000)
 Metaspace       used 27244K, capacity 27760K, committed 28160K, reserved 1075200K
  class space    used 3065K, capacity 3213K, committed 3328K, reserved 1048576K
Event: 7.806 GC heap after
Heap after GC invocations=52 (full 3):
 def new generation   total 15872K, used 1193K [0x00000000f0800000, 0x00000000f1930000, 0x00000000f5aa0000)
  eden space 14144K,   0% used [0x00000000f0800000, 0x00000000f0800000, 0x00000000f15d0000)
  from space 1728K,  69% used [0x00000000f1780000, 0x00000000f18aa5c8, 0x00000000f1930000)
  to   space 1728K,   0% used [0x00000000f15d0000, 0x00000000f15d0000, 0x00000000f1780000)
 tenured generation   total 35176K, used 32109K [0x00000000f5aa0000, 0x00000000f7cfa000, 0x0000000100000000)
   the space 35176K,  91% used [0x00000000f5aa0000, 0x00000000f79fb710, 0x00000000f79fb800, 0x00000000f7cfa000)
 Metaspace       used 27244K, capacity 27760K, committed 28160K, reserved 1075200K
  class space    used 3065K, capacity 3213K, committed 3328K, reserved 1048576K
}
Event: 7.809 GC heap before
{Heap before GC invocations=52 (full 3):
 def new generation   total 15872K, used 11241K [0x00000000f0800000, 0x00000000f1930000, 0x00000000f5aa0000)
  eden space 14144K,  71% used [0x00000000f0800000, 0x00000000f11d0110, 0x00000000f15d0000)
  from space 1728K,  69% used [0x00000000f1780000, 0x00000000f18aa5c8, 0x00000000f1930000)
  to   space 1728K,   0% used [0x00000000f15d0000, 0x00000000f15d0000, 0x00000000f1780000)
 tenured generation   total 35176K, used 32109K [0x00000000f5aa0000, 0x00000000f7cfa000, 0x0000000100000000)
   the space 35176K,  91% used [0x00000000f5aa0000, 0x00000000f79fb710, 0x00000000f79fb800, 0x00000000f7cfa000)
 Metaspace       used 27252K, capacity 27760K, committed 28160K, reserved 1075200K
  class space    used 3066K, capacity 3213K, committed 3328K, reserved 1048576K
Event: 7.995 GC heap after
Heap after GC invocations=53 (full 4):
 def new generation   total 26944K, used 0K [0x00000000f0800000, 0x00000000f2530000, 0x00000000f5aa0000)
  eden space 24000K,   0% used [0x00000000f0800000, 0x00000000f0800000, 0x00000000f1f70000)
  from space 2944K,   0% used [0x00000000f1f70000, 0x00000000f1f70000, 0x00000000f2250000)
  to   space 2944K,   0% used [0x00000000f2250000, 0x00000000f2250000, 0x00000000f2530000)
 tenured generation   total 59764K, used 35856K [0x00000000f5aa0000, 0x00000000f94fd000, 0x0000000100000000)
   the space 59764K,  59% used [0x00000000f5aa0000, 0x00000000f7da41e8, 0x00000000f7da4200, 0x00000000f94fd000)
 Metaspace       used 27252K, capacity 27760K, committed 28160K, reserved 1075200K
  class space    used 3066K, capacity 3213K, committed 3328K, reserved 1048576K
}
Event: 8.006 GC heap before
{Heap before GC invocations=53 (full 4):
 def new generation   total 26944K, used 20007K [0x00000000f0800000, 0x00000000f2530000, 0x00000000f5aa0000)
  eden space 24000K,  83% used [0x00000000f0800000, 0x00000000f1b89da8, 0x00000000f1f70000)
  from space 2944K,   0% used [0x00000000f1f70000, 0x00000000f1f70000, 0x00000000f2250000)
  to   space 2944K,   0% used [0x00000000f2250000, 0x00000000f2250000, 0x00000000f2530000)
 tenured generation   total 59764K, used 35856K [0x00000000f5aa0000, 0x00000000f94fd000, 0x0000000100000000)
   the space 59764K,  59% used [0x00000000f5aa0000, 0x00000000f7da41e8, 0x00000000f7da4200, 0x00000000f94fd000)
 Metaspace       used 27252K, capacity 27760K, committed 28160K, reserved 1075200K
  class space    used 3066K, capacity 3213K, committed 3328K, reserved 1048576K
Event: 8.019 GC heap after
Heap after GC invocations=54 (full 4):
 def new generation   total 26944K, used 16K [0x00000000f0800000, 0x00000000f2530000, 0x00000000f5aa0000)
  eden space 24000K,   0% used [0x00000000f0800000, 0x00000000f0800000, 0x00000000f1f70000)
  from space 2944K,   0% used [0x00000000f2250000, 0x00000000f22543f0, 0x00000000f2530000)
  to   space 2944K,   0% used [0x00000000f1f70000, 0x00000000f1f70000, 0x00000000f2250000)
 tenured generation   total 59764K, used 55387K [0x00000000f5aa0000, 0x00000000f94fd000, 0x0000000100000000)
   the space 59764K,  92% used [0x00000000f5aa0000, 0x00000000f90b6f08, 0x00000000f90b7000, 0x00000000f94fd000)
 Metaspace       used 27252K, capacity 27760K, committed 28160K, reserved 1075200K
  class space    used 3066K, capacity 3213K, committed 3328K, reserved 1048576K
}
Event: 8.618 GC heap before
{Heap before GC invocations=54 (full 4):
 def new generation   total 26944K, used 22166K [0x00000000f0800000, 0x00000000f2530000, 0x00000000f5aa0000)
  eden space 24000K,  92% used [0x00000000f0800000, 0x00000000f1da1710, 0x00000000f1f70000)
  from space 2944K,   0% used [0x00000000f2250000, 0x00000000f22543f0, 0x00000000f2530000)
  to   space 2944K,   0% used [0x00000000f1f70000, 0x00000000f1f70000, 0x00000000f2250000)
 tenured generation   total 59764K, used 55387K [0x00000000f5aa0000, 0x00000000f94fd000, 0x0000000100000000)
   the space 59764K,  92% used [0x00000000f5aa0000, 0x00000000f90b6f08, 0x00000000f90b7000, 0x00000000f94fd000)
 Metaspace       used 27481K, capacity 28016K, committed 28160K, reserved 1075200K
  class space    used 3093K, capacity 3277K, committed 3328K, reserved 1048576K

